<?xml version="1.0" encoding="UTF-8"?>
<!-- Generated by org.testng.reporters.JUnitReportReporter -->
<testsuite hostname="tubas-MBP.lan" name="com.qa.hubspot.test.HomePageTest" tests="3" failures="0" timestamp="24 Jul 2020 00:46:10 GMT" time="1.407" errors="0">
  <testcase name="verifyHomepageheaderTest" time="0.674" classname="com.qa.hubspot.test.HomePageTest"/>
  <testcase name="verifyHomePageTitleTest" time="0.006" classname="com.qa.hubspot.test.HomePageTest"/>
  <testcase name="verifyUserAccountName" time="0.727" classname="com.qa.hubspot.test.HomePageTest"/>
</testsuite> <!-- com.qa.hubspot.test.HomePageTest -->
