<?xml version="1.0" encoding="UTF-8"?>
<!-- Generated by org.testng.reporters.JUnitReportReporter -->
<testsuite hostname="tubas-MBP.lan" name="com.qa.hubspot.test.ContactsPageTest" tests="4" failures="0" timestamp="21 Jul 2020 23:11:36 GMT" time="70.638" errors="0">
  <testcase name="createContactsTest" time="18.701" classname="com.qa.hubspot.test.ContactsPageTest"/>
  <testcase name="createContactsTest" time="19.900" classname="com.qa.hubspot.test.ContactsPageTest"/>
  <testcase name="VerifyTitle" time="13.154" classname="com.qa.hubspot.test.ContactsPageTest"/>
  <testcase name="createContactsTest" time="18.883" classname="com.qa.hubspot.test.ContactsPageTest"/>
</testsuite> <!-- com.qa.hubspot.test.ContactsPageTest -->
