<?xml version="1.0" encoding="UTF-8"?>
<!-- Generated by org.testng.reporters.JUnitReportReporter -->
<testsuite hostname="tubas-MBP.lan" name="com.qa.hubspot.test.HomePageTest" tests="3" failures="0" timestamp="25 Jul 2020 22:26:54 GMT" time="1.529" errors="0">
  <testcase name="verifyHomepageheaderTest" time="0.625" classname="com.qa.hubspot.test.HomePageTest"/>
  <testcase name="verifyHomePageTitleTest" time="0.008" classname="com.qa.hubspot.test.HomePageTest"/>
  <testcase name="verifyUserAccountName" time="0.896" classname="com.qa.hubspot.test.HomePageTest"/>
</testsuite> <!-- com.qa.hubspot.test.HomePageTest -->
