<?xml version="1.0" encoding="UTF-8"?>
<!-- Generated by org.testng.reporters.JUnitReportReporter -->
<testsuite skipped="0" hostname="tubas-MBP.lan" name="com.qa.hubspot.test.ContactsPageTest" tests="4" failures="0" timestamp="2020-07-18T11:28:20 CDT" time="69.652" errors="0">
  <testcase name="VerifyTitle" time="13.890" classname="com.qa.hubspot.test.ContactsPageTest"/>
  <system-out/>
  <testcase name="createContactsTest" time="19.385" classname="com.qa.hubspot.test.ContactsPageTest"/>
  <system-out/>
  <testcase name="createContactsTest" time="18.118" classname="com.qa.hubspot.test.ContactsPageTest"/>
  <system-out/>
  <testcase name="createContactsTest" time="18.259" classname="com.qa.hubspot.test.ContactsPageTest"/>
  <system-out/>
</testsuite> <!-- com.qa.hubspot.test.ContactsPageTest -->
