<?xml version="1.0" encoding="UTF-8"?>
<!-- Generated by org.testng.reporters.JUnitReportReporter -->
<testsuite skipped="0" hostname="tubas-MBP.lan" name="com.qa.hubspot.test.HomePageTest" tests="3" failures="0" timestamp="2020-07-18T11:28:20 CDT" time="1.433" errors="0">
  <testcase name="verifyUserAccountName" time="0.741" classname="com.qa.hubspot.test.HomePageTest"/>
  <system-out/>
  <testcase name="verifyHomePageTitleTest" time="0.002" classname="com.qa.hubspot.test.HomePageTest"/>
  <system-out/>
  <testcase name="verifyHomepageheaderTest" time="0.690" classname="com.qa.hubspot.test.HomePageTest"/>
  <system-out/>
</testsuite> <!-- com.qa.hubspot.test.HomePageTest -->
